0 info it worked if it ends with ok
1 verbose cli [ 'C:\\Program Files\\nodejs\\node.exe',
1 verbose cli   'C:\\Program Files\\nodejs\\node_modules\\npm\\bin\\npm-cli.js',
1 verbose cli   'run',
1 verbose cli   'lint' ]
2 info using npm@3.10.10
3 info using node@v6.10.3
4 verbose run-script [ 'prelint', 'lint', 'postlint' ]
5 info lifecycle factorio_blueprint_editor@1.0.0~prelint: factorio_blueprint_editor@1.0.0
6 silly lifecycle factorio_blueprint_editor@1.0.0~prelint: no script for prelint, continuing
7 info lifecycle factorio_blueprint_editor@1.0.0~lint: factorio_blueprint_editor@1.0.0
8 verbose lifecycle factorio_blueprint_editor@1.0.0~lint: unsafe-perm in lifecycle true
9 verbose lifecycle factorio_blueprint_editor@1.0.0~lint: PATH: C:\Program Files\nodejs\node_modules\npm\bin\node-gyp-bin;C:\Users\Nick\Documents\Programming\Projects\factorio_blueprint_editor\node_modules\.bin;C:\ProgramData\Oracle\Java\javapath;C:\Program Files (x86)\Intel\iCLS Client\;C:\Program Files\Intel\iCLS Client\;C:\Windows\system32;C:\Windows;C:\Windows\System32\Wbem;C:\Windows\System32\WindowsPowerShell\v1.0\;c:\Program Files (x86)\ATI Technologies\ATI.ACE\Core-Static;C:\Program Files\Intel\WiFi\bin\;C:\Program Files\Common Files\Intel\WirelessCommon\;C:\Program Files\Intel\Intel(R) Management Engine Components\DAL;C:\Program Files (x86)\Intel\Intel(R) Management Engine Components\DAL;C:\Program Files\Intel\Intel(R) Management Engine Components\IPT;C:\Program Files (x86)\Intel\Intel(R) Management Engine Components\IPT;C:\Program Files\Git\cmd;C:\Program Files (x86)\Windows Kits\8.1\Windows Performance Toolkit\;C:\Program Files\nodejs\;C:\ProgramData\ComposerSetup\bin;C:\Program Files\dotnet\;;C:\Program Files (x86)\Microsoft VS Code\bin;C:\Users\Nick\AppData\Roaming\npm;C:\Program Files (x86)\Microsoft SDKs\F#\4.1\Framework\v4.0\;C:\php-7.1.6-Win32-VC14-x64\;C:\Users\Nick\AppData\Roaming\Composer\vendor\bin
10 verbose lifecycle factorio_blueprint_editor@1.0.0~lint: CWD: C:\Users\Nick\Documents\Programming\Projects\factorio_blueprint_editor
11 silly lifecycle factorio_blueprint_editor@1.0.0~lint: Args: [ '/d /s /c', 'eslint js/**/*.js' ]
12 silly lifecycle factorio_blueprint_editor@1.0.0~lint: Returned: code: 1  signal: null
13 info lifecycle factorio_blueprint_editor@1.0.0~lint: Failed to exec lint script
14 verbose stack Error: factorio_blueprint_editor@1.0.0 lint: `eslint js/**/*.js`
14 verbose stack Exit status 1
14 verbose stack     at EventEmitter.<anonymous> (C:\Program Files\nodejs\node_modules\npm\lib\utils\lifecycle.js:255:16)
14 verbose stack     at emitTwo (events.js:106:13)
14 verbose stack     at EventEmitter.emit (events.js:191:7)
14 verbose stack     at ChildProcess.<anonymous> (C:\Program Files\nodejs\node_modules\npm\lib\utils\spawn.js:40:14)
14 verbose stack     at emitTwo (events.js:106:13)
14 verbose stack     at ChildProcess.emit (events.js:191:7)
14 verbose stack     at maybeClose (internal/child_process.js:886:16)
14 verbose stack     at Process.ChildProcess._handle.onexit (internal/child_process.js:226:5)
15 verbose pkgid factorio_blueprint_editor@1.0.0
16 verbose cwd C:\Users\Nick\Documents\Programming\Projects\factorio_blueprint_editor
17 error Windows_NT 6.1.7601
18 error argv "C:\\Program Files\\nodejs\\node.exe" "C:\\Program Files\\nodejs\\node_modules\\npm\\bin\\npm-cli.js" "run" "lint"
19 error node v6.10.3
20 error npm  v3.10.10
21 error code ELIFECYCLE
22 error factorio_blueprint_editor@1.0.0 lint: `eslint js/**/*.js`
22 error Exit status 1
23 error Failed at the factorio_blueprint_editor@1.0.0 lint script 'eslint js/**/*.js'.
23 error Make sure you have the latest version of node.js and npm installed.
23 error If you do, this is most likely a problem with the factorio_blueprint_editor package,
23 error not with npm itself.
23 error Tell the author that this fails on your system:
23 error     eslint js/**/*.js
23 error You can get information on how to open an issue for this project with:
23 error     npm bugs factorio_blueprint_editor
23 error Or if that isn't available, you can get their info via:
23 error     npm owner ls factorio_blueprint_editor
23 error There is likely additional logging output above.
24 verbose exit [ 1, true ]
